<?xml version="1.0" encoding="UTF-8"?>
<!-- Generated by org.testng.reporters.JUnitReportReporter -->
<testsuite hostname="PF4A59NC" failures="0" tests="3" name="TestNgAttributes.Attribute_DataProvider" time="2.449" errors="0" timestamp="2024-10-18T20:55:47 IST" skipped="0">
  <testcase classname="TestNgAttributes.Attribute_DataProvider" name="addCredentials" time="2.215"/>
  <system-out/>
  <testcase classname="TestNgAttributes.Attribute_DataProvider" name="addCredentials" time="0.129"/>
  <system-out/>
  <testcase classname="TestNgAttributes.Attribute_DataProvider" name="addCredentials" time="0.105"/>
  <system-out/>
</testsuite> <!-- TestNgAttributes.Attribute_DataProvider -->
