<?xml version="1.0" encoding="UTF-8"?>
<!-- Generated by org.testng.reporters.JUnitReportReporter -->
<testsuite hostname="PF4A59NC" failures="0" tests="3" name="TestNgAttributes.Attribute_Enabled" time="0.487" errors="0" timestamp="2024-10-17T20:37:01 IST" skipped="1">
  <testcase classname="TestNgAttributes.Attribute_Enabled" name="enterUsername" time="0.387"/>
  <system-out/>
  <testcase classname="TestNgAttributes.Attribute_Enabled" name="enterPassword" time="0.100"/>
  <system-out/>
  <testcase classname="TestNgAttributes.Attribute_Enabled" name="clickLogin">
    <skipped/>
  </testcase> <!-- clickLogin -->
  <system-out/>
</testsuite> <!-- TestNgAttributes.Attribute_Enabled -->
