<?xml version="1.0" encoding="UTF-8"?>
<!-- Generated by org.testng.reporters.JUnitReportReporter -->
<testsuite hostname="PF4A59NC" failures="0" tests="4" name="TestNg.TC_3_VerifyAdminTab" time="1.626" errors="0" timestamp="2024-10-15T20:53:08 IST" skipped="0">
  <testcase classname="TestNg.TC_3_VerifyAdminTab" name="enterUsername" time="0.489"/>
  <system-out/>
  <testcase classname="TestNg.TC_3_VerifyAdminTab" name="enterPassword" time="0.087"/>
  <system-out/>
  <testcase classname="TestNg.TC_3_VerifyAdminTab" name="clickLogin" time="0.066"/>
  <system-out/>
  <testcase classname="TestNg.TC_3_VerifyAdminTab" name="clickAdmin" time="0.984"/>
  <system-out/>
</testsuite> <!-- TestNg.TC_3_VerifyAdminTab -->
