<?xml version="1.0" encoding="UTF-8"?>
<!-- Generated by org.testng.reporters.JUnitReportReporter -->
<testsuite hostname="PF4A59NC" failures="0" tests="4" name="TestNgAssertions.HardAssertion2" time="19.911" errors="0" timestamp="2024-10-18T20:15:32 IST" skipped="0">
  <testcase classname="TestNgAssertions.HardAssertion2" name="verifyTitle" time="17.755"/>
  <system-out/>
  <testcase classname="TestNgAssertions.HardAssertion2" name="enterUsername" time="1.999"/>
  <system-out/>
  <testcase classname="TestNgAssertions.HardAssertion2" name="enterPassword" time="0.087"/>
  <system-out/>
  <testcase classname="TestNgAssertions.HardAssertion2" name="clickLogin" time="0.070"/>
  <system-out/>
</testsuite> <!-- TestNgAssertions.HardAssertion2 -->
