<?xml version="1.0" encoding="UTF-8"?>
<!-- Generated by org.testng.reporters.JUnitReportReporter -->
<testsuite hostname="PF4A59NC" failures="0" tests="3" name="TestNgAttributes.Attribute_DependsOnMethods" time="1.588" errors="0" timestamp="2024-10-17T20:43:00 IST" skipped="0">
  <testcase classname="TestNgAttributes.Attribute_DependsOnMethods" name="clickLogin" time="1.086"/>
  <system-out/>
  <testcase classname="TestNgAttributes.Attribute_DependsOnMethods" name="enterPassword" time="0.105"/>
  <system-out/>
  <testcase classname="TestNgAttributes.Attribute_DependsOnMethods" name="enterUsername" time="0.397"/>
  <system-out/>
</testsuite> <!-- TestNgAttributes.Attribute_DependsOnMethods -->
