<?xml version="1.0" encoding="UTF-8"?>
<!-- Generated by org.testng.reporters.JUnitReportReporter -->
<testsuite hostname="PF4A59NC" failures="0" tests="3" name="TestNGScreenshots.Screenshot_Example" time="1.647" errors="0" timestamp="2024-10-18T20:48:02 IST" skipped="0">
  <testcase classname="TestNGScreenshots.Screenshot_Example" name="enterUsername" time="1.422"/>
  <system-out/>
  <testcase classname="TestNGScreenshots.Screenshot_Example" name="enterPassword" time="0.179"/>
  <system-out/>
  <testcase classname="TestNGScreenshots.Screenshot_Example" name="clickLogin" time="0.046"/>
  <system-out/>
</testsuite> <!-- TestNGScreenshots.Screenshot_Example -->
