<?xml version="1.0" encoding="UTF-8"?>
<!-- Generated by org.testng.reporters.JUnitReportReporter -->
<testsuite hostname="PF4A59NC" failures="0" tests="4" name="TestNg.TC_2_VerifyAdminTab" time="2.690" errors="0" timestamp="2024-10-15T20:53:08 IST" skipped="0">
  <testcase classname="TestNg.TC_2_VerifyAdminTab" name="enterUsername" time="0.465"/>
  <system-out/>
  <testcase classname="TestNg.TC_2_VerifyAdminTab" name="enterPassword" time="0.106"/>
  <system-out/>
  <testcase classname="TestNg.TC_2_VerifyAdminTab" name="clickLogin" time="1.220"/>
  <system-out/>
  <testcase classname="TestNg.TC_2_VerifyAdminTab" name="clickAdmin" time="0.899"/>
  <system-out/>
</testsuite> <!-- TestNg.TC_2_VerifyAdminTab -->
