<?xml version="1.0" encoding="UTF-8"?>
<!-- Generated by org.testng.reporters.JUnitReportReporter -->
<testsuite hostname="PF4A59NC" failures="0" tests="3" name="TestNg.Annotation_DataProvider2" time="3.370" errors="0" timestamp="2024-10-18T20:57:50 IST" skipped="0">
  <testcase classname="TestNg.Annotation_DataProvider2" name="addCredentials" time="1.046"/>
  <system-out/>
  <testcase classname="TestNg.Annotation_DataProvider2" name="addCredentials" time="1.110"/>
  <system-out/>
  <testcase classname="TestNg.Annotation_DataProvider2" name="addCredentials" time="1.214"/>
  <system-out/>
</testsuite> <!-- TestNg.Annotation_DataProvider2 -->
