<?xml version="1.0" encoding="UTF-8"?>
<!-- Generated by org.testng.reporters.JUnitReportReporter -->
<testsuite hostname="PF4A59NC" failures="0" tests="3" name="TestNg.TC_5_LoginToOrangeHRM_Using_Inheritance" time="1.887" errors="0" timestamp="2024-10-17T20:11:51 IST" skipped="0">
  <testcase classname="TestNg.TC_5_LoginToOrangeHRM_Using_Inheritance" name="enterUsername" time="0.430"/>
  <system-out/>
  <testcase classname="TestNg.TC_5_LoginToOrangeHRM_Using_Inheritance" name="enterPassword" time="0.129"/>
  <system-out/>
  <testcase classname="TestNg.TC_5_LoginToOrangeHRM_Using_Inheritance" name="clickLogin" time="1.328"/>
  <system-out/>
</testsuite> <!-- TestNg.TC_5_LoginToOrangeHRM_Using_Inheritance -->
