<?xml version="1.0" encoding="UTF-8"?>
<!-- Generated by org.testng.reporters.JUnitReportReporter -->
<testsuite hostname="PF4A59NC" failures="0" tests="4" name="Tests.TC_2_ForgotYourPasswordTest" time="1.943" errors="0" timestamp="2024-10-19T20:40:08 IST" skipped="0">
  <testcase classname="Tests.TC_2_ForgotYourPasswordTest" name="verifyForgotYourPassword" time="0.431"/>
  <system-out/>
  <testcase classname="Tests.TC_2_ForgotYourPasswordTest" name="clickForgotYourPassword" time="0.686"/>
  <system-out/>
  <testcase classname="Tests.TC_2_ForgotYourPasswordTest" name="enterUsername" time="0.398"/>
  <system-out/>
  <testcase classname="Tests.TC_2_ForgotYourPasswordTest" name="clickCancel" time="0.428"/>
  <system-out/>
</testsuite> <!-- Tests.TC_2_ForgotYourPasswordTest -->
