<?xml version="1.0" encoding="UTF-8"?>
<!-- Generated by org.testng.reporters.JUnitReportReporter -->
<testsuite hostname="PF4A59NC" failures="0" tests="3" name="TestNg.TC_1_LoginToOrangeHRM" time="1.816" errors="0" timestamp="2024-10-18T20:30:37 IST" skipped="0">
  <testcase classname="TestNg.TC_1_LoginToOrangeHRM" name="enterUsername" time="0.423"/>
  <system-out/>
  <testcase classname="TestNg.TC_1_LoginToOrangeHRM" name="enterPassword" time="0.105"/>
  <system-out/>
  <testcase classname="TestNg.TC_1_LoginToOrangeHRM" name="clickLogin" time="1.288"/>
  <system-out/>
</testsuite> <!-- TestNg.TC_1_LoginToOrangeHRM -->
