<?xml version="1.0" encoding="UTF-8"?>
<!-- Generated by org.testng.reporters.JUnitReportReporter -->
<testsuite hostname="PF4A59NC" failures="0" tests="2" name="ExtentReports.ExtentReportExample2" time="1.985" errors="0" timestamp="2024-10-21T20:39:06 IST" skipped="0">
  <testcase classname="ExtentReports.ExtentReportExample2" name="loginToOrangeHRM" time="1.954"/>
  <system-out/>
  <testcase classname="ExtentReports.ExtentReportExample2" name="clickLogout" time="0.031"/>
  <system-out/>
</testsuite> <!-- ExtentReports.ExtentReportExample2 -->
