<?xml version="1.0" encoding="UTF-8"?>
<!-- Generated by org.testng.reporters.JUnitReportReporter -->
<testsuite hostname="PF4A59NC" failures="0" tests="5" name="Tests.TC_1_VerifyLoginTest" time="18.993" errors="0" timestamp="2024-10-21T21:09:14 IST" skipped="0">
  <testcase classname="Tests.TC_1_VerifyLoginTest" name="verifyLogo" time="2.234"/>
  <system-out/>
  <testcase classname="Tests.TC_1_VerifyLoginTest" name="verifyForgotYourPassword" time="0.249"/>
  <system-out/>
  <testcase classname="Tests.TC_1_VerifyLoginTest" name="enterUsername" time="7.007"/>
  <system-out/>
  <testcase classname="Tests.TC_1_VerifyLoginTest" name="enterPassword" time="5.166"/>
  <system-out/>
  <testcase classname="Tests.TC_1_VerifyLoginTest" name="clickLogin" time="4.337"/>
  <system-out/>
</testsuite> <!-- Tests.TC_1_VerifyLoginTest -->
