<?xml version="1.0" encoding="UTF-8"?>
<!-- Generated by org.testng.reporters.JUnitReportReporter -->
<testsuite hostname="PF4A59NC" failures="0" tests="1" name="ExtentReports.ExtentReportExample" time="1.668" errors="0" timestamp="2024-10-21T20:36:46 IST" skipped="0">
  <testcase classname="ExtentReports.ExtentReportExample" name="loginToOrangeHRM" time="1.668"/>
  <system-out/>
</testsuite> <!-- ExtentReports.ExtentReportExample -->
