<?xml version="1.0" encoding="UTF-8"?>
<!-- Generated by org.testng.reporters.JUnitReportReporter -->
<testsuite hostname="PF4A59NC" failures="0" tests="4" name="TestNgAssertions.SoftAssertion" time="23.336" errors="0" timestamp="2024-10-18T20:23:51 IST" skipped="0">
  <testcase classname="TestNgAssertions.SoftAssertion" name="verifyTitle" time="18.899"/>
  <system-out/>
  <testcase classname="TestNgAssertions.SoftAssertion" name="enterUsername" time="3.263"/>
  <system-out/>
  <testcase classname="TestNgAssertions.SoftAssertion" name="enterPassword" time="0.080"/>
  <system-out/>
  <testcase classname="TestNgAssertions.SoftAssertion" name="clickLogin" time="1.094"/>
  <system-out/>
</testsuite> <!-- TestNgAssertions.SoftAssertion -->
