<?xml version="1.0" encoding="UTF-8"?>
<!-- Generated by org.testng.reporters.JUnitReportReporter -->
<testsuite hostname="PF4A59NC" failures="0" tests="3" name="TestNGScreenshots.Anji" time="12.837" errors="0" timestamp="2024-10-18T20:50:02 IST" skipped="0">
  <testcase classname="TestNGScreenshots.Anji" name="enterUsername" time="2.374"/>
  <system-out/>
  <testcase classname="TestNGScreenshots.Anji" name="enterPassword" time="0.192"/>
  <system-out/>
  <testcase classname="TestNGScreenshots.Anji" name="clickLogin" time="10.271"/>
  <system-out/>
</testsuite> <!-- TestNGScreenshots.Anji -->
