<?xml version="1.0" encoding="UTF-8"?>
<!-- Generated by org.testng.reporters.JUnitReportReporter -->
<testsuite hostname="PF4A59NC" failures="0" tests="5" name="Tests.TC_3_VerifyLoginAndLogout" time="20.527" errors="0" timestamp="2024-10-21T20:24:39 IST" skipped="0">
  <testcase classname="Tests.TC_3_VerifyLoginAndLogout" name="enterUsername" time="0.477"/>
  <system-out/>
  <testcase classname="Tests.TC_3_VerifyLoginAndLogout" name="enterPassword" time="0.218"/>
  <system-out/>
  <testcase classname="Tests.TC_3_VerifyLoginAndLogout" name="clickLogin" time="0.074"/>
  <system-out/>
  <testcase classname="Tests.TC_3_VerifyLoginAndLogout" name="clickUserDropdown" time="17.932"/>
  <system-out/>
  <testcase classname="Tests.TC_3_VerifyLoginAndLogout" name="clickLogout" time="1.826"/>
  <system-out/>
</testsuite> <!-- Tests.TC_3_VerifyLoginAndLogout -->
