<?xml version="1.0" encoding="UTF-8"?>
<!-- Generated by org.testng.reporters.JUnitReportReporter -->
<testsuite hostname="PF4A59NC" failures="0" tests="3" name="TestNgAttributes.Attribute_Description" time="1.804" errors="0" timestamp="2024-10-17T20:40:17 IST" skipped="0">
  <testcase classname="TestNgAttributes.Attribute_Description" name="enterUsername" time="0.393"/>
  <system-out/>
  <testcase classname="TestNgAttributes.Attribute_Description" name="enterPassword" time="0.095"/>
  <system-out/>
  <testcase classname="TestNgAttributes.Attribute_Description" name="clickLogin" time="1.316"/>
  <system-out/>
</testsuite> <!-- TestNgAttributes.Attribute_Description -->
