<?xml version="1.0" encoding="UTF-8"?>
<!-- Generated by org.testng.reporters.JUnitReportReporter -->
<testsuite hostname="PF4A59NC" failures="0" tests="5" name="Listeners.TC_3_VerifyLoginAndLogout" time="3.935" errors="0" timestamp="2024-10-21T20:49:01 IST" skipped="0">
  <testcase classname="Listeners.TC_3_VerifyLoginAndLogout" name="enterUsername" time="0.450"/>
  <system-out/>
  <testcase classname="Listeners.TC_3_VerifyLoginAndLogout" name="enterPassword" time="0.199"/>
  <system-out/>
  <testcase classname="Listeners.TC_3_VerifyLoginAndLogout" name="clickLogin" time="1.118"/>
  <system-out/>
  <testcase classname="Listeners.TC_3_VerifyLoginAndLogout" name="clickUserDropdown" time="0.368"/>
  <system-out/>
  <testcase classname="Listeners.TC_3_VerifyLoginAndLogout" name="clickLogout" time="1.800"/>
  <system-out/>
</testsuite> <!-- Listeners.TC_3_VerifyLoginAndLogout -->
