<?xml version="1.0" encoding="UTF-8"?>
<!-- Generated by org.testng.reporters.JUnitReportReporter -->
<testsuite hostname="PF4A59NC" failures="0" tests="10" name="TestNgAttributes.Attribute_Invocationcount" time="0.862" errors="0" timestamp="2024-10-17T20:38:23 IST" skipped="1">
  <testcase classname="TestNgAttributes.Attribute_Invocationcount" name="enterUsername" time="0.055"/>
  <system-out/>
  <testcase classname="TestNgAttributes.Attribute_Invocationcount" name="enterUsername" time="0.055"/>
  <system-out/>
  <testcase classname="TestNgAttributes.Attribute_Invocationcount" name="enterUsername" time="0.047"/>
  <system-out/>
  <testcase classname="TestNgAttributes.Attribute_Invocationcount" name="enterUsername" time="0.058"/>
  <system-out/>
  <testcase classname="TestNgAttributes.Attribute_Invocationcount" name="enterUsername" time="0.053"/>
  <system-out/>
  <testcase classname="TestNgAttributes.Attribute_Invocationcount" name="enterUsername" time="0.049"/>
  <system-out/>
  <testcase classname="TestNgAttributes.Attribute_Invocationcount" name="enterUsername" time="0.048"/>
  <system-out/>
  <testcase classname="TestNgAttributes.Attribute_Invocationcount" name="enterUsername" time="0.395"/>
  <system-out/>
  <testcase classname="TestNgAttributes.Attribute_Invocationcount" name="enterPassword" time="0.102"/>
  <system-out/>
  <testcase classname="TestNgAttributes.Attribute_Invocationcount" name="clickLogin">
    <skipped/>
  </testcase> <!-- clickLogin -->
  <system-out/>
</testsuite> <!-- TestNgAttributes.Attribute_Invocationcount -->
