<?xml version="1.0" encoding="UTF-8"?>
<!-- Generated by org.testng.reporters.JUnitReportReporter -->
<testsuite hostname="PF4A59NC" failures="0" tests="4" name="Tests.TC_1_ForgotYourPasswordTest" time="13.942" errors="0" timestamp="2024-10-19T20:39:01 IST" skipped="0">
  <testcase classname="Tests.TC_1_ForgotYourPasswordTest" name="verifyForgotYourPassword" time="5.077"/>
  <system-out/>
  <testcase classname="Tests.TC_1_ForgotYourPasswordTest" name="clickForgotYourPassword" time="2.009"/>
  <system-out/>
  <testcase classname="Tests.TC_1_ForgotYourPasswordTest" name="enterUsername" time="1.598"/>
  <system-out/>
  <testcase classname="Tests.TC_1_ForgotYourPasswordTest" name="clickCancel" time="5.258"/>
  <system-out/>
</testsuite> <!-- Tests.TC_1_ForgotYourPasswordTest -->
